{"total": {"lines":{"total":3170,"covered":2053,"skipped":0,"pct":64.76},"statements":{"total":3170,"covered":2053,"skipped":0,"pct":64.76},"functions":{"total":139,"covered":120,"skipped":0,"pct":86.33},"branches":{"total":407,"covered":374,"skipped":0,"pct":91.89},"branchesTrue":{"total":0,"covered":0,"skipped":0,"pct":100}}
,"C:\\Users\\sande\\Documents\\NTNU\\V26\\TDT4242\\frontend\\App.tsx": {"lines":{"total":18,"covered":18,"skipped":0,"pct":100},"functions":{"total":1,"covered":1,"skipped":0,"pct":100},"statements":{"total":18,"covered":18,"skipped":0,"pct":100},"branches":{"total":1,"covered":1,"skipped":0,"pct":100}}
,"C:\\Users\\sande\\Documents\\NTNU\\V26\\TDT4242\\frontend\\main.tsx": {"lines":{"total":9,"covered":9,"skipped":0,"pct":100},"functions":{"total":0,"covered":0,"skipped":0,"pct":100},"statements":{"total":9,"covered":9,"skipped":0,"pct":100},"branches":{"total":0,"covered":0,"skipped":0,"pct":100}}
,"C:\\Users\\sande\\Documents\\NTNU\\V26\\TDT4242\\frontend\\router.tsx": {"lines":{"total":214,"covered":214,"skipped":0,"pct":100},"functions":{"total":6,"covered":5,"skipped":0,"pct":83.33},"statements":{"total":214,"covered":214,"skipped":0,"pct":100},"branches":{"total":31,"covered":29,"skipped":0,"pct":93.54}}
,"C:\\Users\\sande\\Documents\\NTNU\\V26\\TDT4242\\frontend\\components\\common\\ConfirmDialog.tsx": {"lines":{"total":47,"covered":47,"skipped":0,"pct":100},"functions":{"total":2,"covered":2,"skipped":0,"pct":100},"statements":{"total":47,"covered":47,"skipped":0,"pct":100},"branches":{"total":6,"covered":6,"skipped":0,"pct":100}}
,"C:\\Users\\sande\\Documents\\NTNU\\V26\\TDT4242\\frontend\\components\\common\\ErrorBoundary.tsx": {"lines":{"total":27,"covered":27,"skipped":0,"pct":100},"functions":{"total":4,"covered":3,"skipped":0,"pct":75},"statements":{"total":27,"covered":27,"skipped":0,"pct":100},"branches":{"total":5,"covered":5,"skipped":0,"pct":100}}
,"C:\\Users\\sande\\Documents\\NTNU\\V26\\TDT4242\\frontend\\components\\common\\LoadingSpinner.tsx": {"lines":{"total":8,"covered":8,"skipped":0,"pct":100},"functions":{"total":1,"covered":1,"skipped":0,"pct":100},"statements":{"total":8,"covered":8,"skipped":0,"pct":100},"branches":{"total":2,"covered":2,"skipped":0,"pct":100}}
,"C:\\Users\\sande\\Documents\\NTNU\\V26\\TDT4242\\frontend\\components\\common\\NavBar.tsx": {"lines":{"total":34,"covered":34,"skipped":0,"pct":100},"functions":{"total":1,"covered":1,"skipped":0,"pct":100},"statements":{"total":34,"covered":34,"skipped":0,"pct":100},"branches":{"total":1,"covered":1,"skipped":0,"pct":100}}
,"C:\\Users\\sande\\Documents\\NTNU\\V26\\TDT4242\\frontend\\components\\common\\PrivacyBadge.tsx": {"lines":{"total":8,"covered":8,"skipped":0,"pct":100},"functions":{"total":1,"covered":1,"skipped":0,"pct":100},"statements":{"total":8,"covered":8,"skipped":0,"pct":100},"branches":{"total":1,"covered":1,"skipped":0,"pct":100}}
,"C:\\Users\\sande\\Documents\\NTNU\\V26\\TDT4242\\frontend\\components\\dashboard\\AggregateTable.tsx": {"lines":{"total":49,"covered":48,"skipped":0,"pct":97.95},"functions":{"total":2,"covered":2,"skipped":0,"pct":100},"statements":{"total":49,"covered":48,"skipped":0,"pct":97.95},"branches":{"total":10,"covered":9,"skipped":0,"pct":90}}
,"C:\\Users\\sande\\Documents\\NTNU\\V26\\TDT4242\\frontend\\components\\dashboard\\AssignmentBreakdownTable.tsx": {"lines":{"total":48,"covered":48,"skipped":0,"pct":100},"functions":{"total":1,"covered":1,"skipped":0,"pct":100},"statements":{"total":48,"covered":48,"skipped":0,"pct":100},"branches":{"total":6,"covered":4,"skipped":0,"pct":66.66}}
,"C:\\Users\\sande\\Documents\\NTNU\\V26\\TDT4242\\frontend\\components\\dashboard\\CategoryBreakdown.tsx": {"lines":{"total":50,"covered":50,"skipped":0,"pct":100},"functions":{"total":1,"covered":1,"skipped":0,"pct":100},"statements":{"total":50,"covered":50,"skipped":0,"pct":100},"branches":{"total":3,"covered":3,"skipped":0,"pct":100}}
,"C:\\Users\\sande\\Documents\\NTNU\\V26\\TDT4242\\frontend\\components\\dashboard\\CategoryTrendChart.tsx": {"lines":{"total":44,"covered":44,"skipped":0,"pct":100},"functions":{"total":1,"covered":1,"skipped":0,"pct":100},"statements":{"total":44,"covered":44,"skipped":0,"pct":100},"branches":{"total":6,"covered":6,"skipped":0,"pct":100}}
,"C:\\Users\\sande\\Documents\\NTNU\\V26\\TDT4242\\frontend\\components\\dashboard\\MonthlyBreakdownTable.tsx": {"lines":{"total":46,"covered":46,"skipped":0,"pct":100},"functions":{"total":1,"covered":1,"skipped":0,"pct":100},"statements":{"total":46,"covered":46,"skipped":0,"pct":100},"branches":{"total":5,"covered":4,"skipped":0,"pct":80}}
,"C:\\Users\\sande\\Documents\\NTNU\\V26\\TDT4242\\frontend\\components\\dashboard\\MonthlyTrendChart.tsx": {"lines":{"total":25,"covered":25,"skipped":0,"pct":100},"functions":{"total":1,"covered":1,"skipped":0,"pct":100},"statements":{"total":25,"covered":25,"skipped":0,"pct":100},"branches":{"total":2,"covered":2,"skipped":0,"pct":100}}
,"C:\\Users\\sande\\Documents\\NTNU\\V26\\TDT4242\\frontend\\components\\dashboard\\SuppressedNotice.tsx": {"lines":{"total":5,"covered":5,"skipped":0,"pct":100},"functions":{"total":1,"covered":1,"skipped":0,"pct":100},"statements":{"total":5,"covered":5,"skipped":0,"pct":100},"branches":{"total":1,"covered":1,"skipped":0,"pct":100}}
,"C:\\Users\\sande\\Documents\\NTNU\\V26\\TDT4242\\frontend\\components\\dashboard\\UsageChart.tsx": {"lines":{"total":29,"covered":29,"skipped":0,"pct":100},"functions":{"total":1,"covered":1,"skipped":0,"pct":100},"statements":{"total":29,"covered":29,"skipped":0,"pct":100},"branches":{"total":3,"covered":3,"skipped":0,"pct":100}}
,"C:\\Users\\sande\\Documents\\NTNU\\V26\\TDT4242\\frontend\\components\\declaration\\CategorySelector.tsx": {"lines":{"total":31,"covered":31,"skipped":0,"pct":100},"functions":{"total":3,"covered":3,"skipped":0,"pct":100},"statements":{"total":31,"covered":31,"skipped":0,"pct":100},"branches":{"total":6,"covered":6,"skipped":0,"pct":100}}
,"C:\\Users\\sande\\Documents\\NTNU\\V26\\TDT4242\\frontend\\components\\declaration\\ConfirmationModal.tsx": {"lines":{"total":17,"covered":17,"skipped":0,"pct":100},"functions":{"total":1,"covered":1,"skipped":0,"pct":100},"statements":{"total":17,"covered":17,"skipped":0,"pct":100},"branches":{"total":1,"covered":1,"skipped":0,"pct":100}}
,"C:\\Users\\sande\\Documents\\NTNU\\V26\\TDT4242\\frontend\\components\\declaration\\DeclarationForm.tsx": {"lines":{"total":0,"covered":0,"skipped":0,"pct":100},"functions":{"total":1,"covered":1,"skipped":0,"pct":100},"statements":{"total":0,"covered":0,"skipped":0,"pct":100},"branches":{"total":1,"covered":1,"skipped":0,"pct":100}}
,"C:\\Users\\sande\\Documents\\NTNU\\V26\\TDT4242\\frontend\\components\\declaration\\FreeTextContext.tsx": {"lines":{"total":20,"covered":20,"skipped":0,"pct":100},"functions":{"total":2,"covered":2,"skipped":0,"pct":100},"statements":{"total":20,"covered":20,"skipped":0,"pct":100},"branches":{"total":2,"covered":2,"skipped":0,"pct":100}}
,"C:\\Users\\sande\\Documents\\NTNU\\V26\\TDT4242\\frontend\\components\\declaration\\FrequencySelector.tsx": {"lines":{"total":22,"covered":22,"skipped":0,"pct":100},"functions":{"total":2,"covered":2,"skipped":0,"pct":100},"statements":{"total":22,"covered":22,"skipped":0,"pct":100},"branches":{"total":3,"covered":3,"skipped":0,"pct":100}}
,"C:\\Users\\sande\\Documents\\NTNU\\V26\\TDT4242\\frontend\\components\\declaration\\ToolSelector.tsx": {"lines":{"total":34,"covered":34,"skipped":0,"pct":100},"functions":{"total":3,"covered":3,"skipped":0,"pct":100},"statements":{"total":34,"covered":34,"skipped":0,"pct":100},"branches":{"total":6,"covered":6,"skipped":0,"pct":100}}
,"C:\\Users\\sande\\Documents\\NTNU\\V26\\TDT4242\\frontend\\components\\feedback\\FeedbackView.tsx": {"lines":{"total":54,"covered":54,"skipped":0,"pct":100},"functions":{"total":1,"covered":1,"skipped":0,"pct":100},"statements":{"total":54,"covered":54,"skipped":0,"pct":100},"branches":{"total":6,"covered":6,"skipped":0,"pct":100}}
,"C:\\Users\\sande\\Documents\\NTNU\\V26\\TDT4242\\frontend\\components\\feedback\\PolicyReference.tsx": {"lines":{"total":13,"covered":13,"skipped":0,"pct":100},"functions":{"total":1,"covered":1,"skipped":0,"pct":100},"statements":{"total":13,"covered":13,"skipped":0,"pct":100},"branches":{"total":3,"covered":3,"skipped":0,"pct":100}}
,"C:\\Users\\sande\\Documents\\NTNU\\V26\\TDT4242\\frontend\\components\\guidance\\GuidanceCard.tsx": {"lines":{"total":50,"covered":50,"skipped":0,"pct":100},"functions":{"total":1,"covered":1,"skipped":0,"pct":100},"statements":{"total":50,"covered":50,"skipped":0,"pct":100},"branches":{"total":8,"covered":8,"skipped":0,"pct":100}}
,"C:\\Users\\sande\\Documents\\NTNU\\V26\\TDT4242\\frontend\\components\\guidance\\GuidanceForm.tsx": {"lines":{"total":173,"covered":171,"skipped":0,"pct":98.84},"functions":{"total":17,"covered":15,"skipped":0,"pct":88.23},"statements":{"total":173,"covered":171,"skipped":0,"pct":98.84},"branches":{"total":41,"covered":36,"skipped":0,"pct":87.8}}
,"C:\\Users\\sande\\Documents\\NTNU\\V26\\TDT4242\\frontend\\components\\privacy\\RevokeButton.tsx": {"lines":{"total":22,"covered":22,"skipped":0,"pct":100},"functions":{"total":4,"covered":4,"skipped":0,"pct":100},"statements":{"total":22,"covered":22,"skipped":0,"pct":100},"branches":{"total":4,"covered":4,"skipped":0,"pct":100}}
,"C:\\Users\\sande\\Documents\\NTNU\\V26\\TDT4242\\frontend\\components\\privacy\\SharingStatus.tsx": {"lines":{"total":52,"covered":52,"skipped":0,"pct":100},"functions":{"total":3,"covered":3,"skipped":0,"pct":100},"statements":{"total":52,"covered":52,"skipped":0,"pct":100},"branches":{"total":10,"covered":10,"skipped":0,"pct":100}}
,"C:\\Users\\sande\\Documents\\NTNU\\V26\\TDT4242\\frontend\\context\\AuthContext.tsx": {"lines":{"total":127,"covered":123,"skipped":0,"pct":96.85},"functions":{"total":3,"covered":3,"skipped":0,"pct":100},"statements":{"total":127,"covered":123,"skipped":0,"pct":96.85},"branches":{"total":29,"covered":26,"skipped":0,"pct":89.65}}
,"C:\\Users\\sande\\Documents\\NTNU\\V26\\TDT4242\\frontend\\context\\PrivacyContext.tsx": {"lines":{"total":29,"covered":29,"skipped":0,"pct":100},"functions":{"total":3,"covered":3,"skipped":0,"pct":100},"statements":{"total":29,"covered":29,"skipped":0,"pct":100},"branches":{"total":9,"covered":6,"skipped":0,"pct":66.66}}
,"C:\\Users\\sande\\Documents\\NTNU\\V26\\TDT4242\\frontend\\hooks\\useAssignments.ts": {"lines":{"total":51,"covered":51,"skipped":0,"pct":100},"functions":{"total":2,"covered":2,"skipped":0,"pct":100},"statements":{"total":51,"covered":51,"skipped":0,"pct":100},"branches":{"total":15,"covered":15,"skipped":0,"pct":100}}
,"C:\\Users\\sande\\Documents\\NTNU\\V26\\TDT4242\\frontend\\hooks\\useDashboard.ts": {"lines":{"total":115,"covered":115,"skipped":0,"pct":100},"functions":{"total":4,"covered":4,"skipped":0,"pct":100},"statements":{"total":115,"covered":115,"skipped":0,"pct":100},"branches":{"total":36,"covered":36,"skipped":0,"pct":100}}
,"C:\\Users\\sande\\Documents\\NTNU\\V26\\TDT4242\\frontend\\hooks\\useDeclaration.ts": {"lines":{"total":105,"covered":105,"skipped":0,"pct":100},"functions":{"total":5,"covered":5,"skipped":0,"pct":100},"statements":{"total":105,"covered":105,"skipped":0,"pct":100},"branches":{"total":32,"covered":31,"skipped":0,"pct":96.87}}
,"C:\\Users\\sande\\Documents\\NTNU\\V26\\TDT4242\\frontend\\hooks\\useGuidance.ts": {"lines":{"total":58,"covered":58,"skipped":0,"pct":100},"functions":{"total":3,"covered":3,"skipped":0,"pct":100},"statements":{"total":58,"covered":58,"skipped":0,"pct":100},"branches":{"total":20,"covered":20,"skipped":0,"pct":100}}
,"C:\\Users\\sande\\Documents\\NTNU\\V26\\TDT4242\\frontend\\hooks\\usePrivacyAck.ts": {"lines":{"total":1,"covered":1,"skipped":0,"pct":100},"functions":{"total":0,"covered":0,"skipped":0,"pct":100},"statements":{"total":1,"covered":1,"skipped":0,"pct":100},"branches":{"total":0,"covered":0,"skipped":0,"pct":100}}
,"C:\\Users\\sande\\Documents\\NTNU\\V26\\TDT4242\\frontend\\hooks\\useSharing.ts": {"lines":{"total":63,"covered":63,"skipped":0,"pct":100},"functions":{"total":6,"covered":6,"skipped":0,"pct":100},"statements":{"total":63,"covered":63,"skipped":0,"pct":100},"branches":{"total":16,"covered":16,"skipped":0,"pct":100}}
,"C:\\Users\\sande\\Documents\\NTNU\\V26\\TDT4242\\frontend\\pages\\AssignmentGuidance.tsx": {"lines":{"total":47,"covered":0,"skipped":0,"pct":0},"functions":{"total":1,"covered":0,"skipped":0,"pct":0},"statements":{"total":47,"covered":0,"skipped":0,"pct":0},"branches":{"total":1,"covered":0,"skipped":0,"pct":0}}
,"C:\\Users\\sande\\Documents\\NTNU\\V26\\TDT4242\\frontend\\pages\\ComplianceFeedback.tsx": {"lines":{"total":31,"covered":0,"skipped":0,"pct":0},"functions":{"total":1,"covered":0,"skipped":0,"pct":0},"statements":{"total":31,"covered":0,"skipped":0,"pct":0},"branches":{"total":1,"covered":0,"skipped":0,"pct":0}}
,"C:\\Users\\sande\\Documents\\NTNU\\V26\\TDT4242\\frontend\\pages\\DataExport.tsx": {"lines":{"total":37,"covered":0,"skipped":0,"pct":0},"functions":{"total":1,"covered":0,"skipped":0,"pct":0},"statements":{"total":37,"covered":0,"skipped":0,"pct":0},"branches":{"total":1,"covered":0,"skipped":0,"pct":0}}
,"C:\\Users\\sande\\Documents\\NTNU\\V26\\TDT4242\\frontend\\pages\\DeclarationSubmit.tsx": {"lines":{"total":98,"covered":0,"skipped":0,"pct":0},"functions":{"total":1,"covered":0,"skipped":0,"pct":0},"statements":{"total":98,"covered":0,"skipped":0,"pct":0},"branches":{"total":1,"covered":0,"skipped":0,"pct":0}}
,"C:\\Users\\sande\\Documents\\NTNU\\V26\\TDT4242\\frontend\\pages\\FacultyDashboard.tsx": {"lines":{"total":132,"covered":0,"skipped":0,"pct":0},"functions":{"total":1,"covered":0,"skipped":0,"pct":0},"statements":{"total":132,"covered":0,"skipped":0,"pct":0},"branches":{"total":1,"covered":0,"skipped":0,"pct":0}}
,"C:\\Users\\sande\\Documents\\NTNU\\V26\\TDT4242\\frontend\\pages\\GuidanceManagement.tsx": {"lines":{"total":56,"covered":0,"skipped":0,"pct":0},"functions":{"total":1,"covered":0,"skipped":0,"pct":0},"statements":{"total":56,"covered":0,"skipped":0,"pct":0},"branches":{"total":1,"covered":0,"skipped":0,"pct":0}}
,"C:\\Users\\sande\\Documents\\NTNU\\V26\\TDT4242\\frontend\\pages\\InstructorAssignments.tsx": {"lines":{"total":147,"covered":0,"skipped":0,"pct":0},"functions":{"total":1,"covered":0,"skipped":0,"pct":0},"statements":{"total":147,"covered":0,"skipped":0,"pct":0},"branches":{"total":1,"covered":0,"skipped":0,"pct":0}}
,"C:\\Users\\sande\\Documents\\NTNU\\V26\\TDT4242\\frontend\\pages\\InstructorDashboard.tsx": {"lines":{"total":66,"covered":0,"skipped":0,"pct":0},"functions":{"total":1,"covered":0,"skipped":0,"pct":0},"statements":{"total":66,"covered":0,"skipped":0,"pct":0},"branches":{"total":1,"covered":0,"skipped":0,"pct":0}}
,"C:\\Users\\sande\\Documents\\NTNU\\V26\\TDT4242\\frontend\\pages\\InstructorDashboardHome.tsx": {"lines":{"total":47,"covered":0,"skipped":0,"pct":0},"functions":{"total":1,"covered":0,"skipped":0,"pct":0},"statements":{"total":47,"covered":0,"skipped":0,"pct":0},"branches":{"total":1,"covered":0,"skipped":0,"pct":0}}
,"C:\\Users\\sande\\Documents\\NTNU\\V26\\TDT4242\\frontend\\pages\\Login.tsx": {"lines":{"total":65,"covered":0,"skipped":0,"pct":0},"functions":{"total":1,"covered":0,"skipped":0,"pct":0},"statements":{"total":65,"covered":0,"skipped":0,"pct":0},"branches":{"total":1,"covered":0,"skipped":0,"pct":0}}
,"C:\\Users\\sande\\Documents\\NTNU\\V26\\TDT4242\\frontend\\pages\\PrivacyNotice.tsx": {"lines":{"total":70,"covered":0,"skipped":0,"pct":0},"functions":{"total":1,"covered":0,"skipped":0,"pct":0},"statements":{"total":70,"covered":0,"skipped":0,"pct":0},"branches":{"total":1,"covered":0,"skipped":0,"pct":0}}
,"C:\\Users\\sande\\Documents\\NTNU\\V26\\TDT4242\\frontend\\pages\\PrivacySettings.tsx": {"lines":{"total":35,"covered":0,"skipped":0,"pct":0},"functions":{"total":1,"covered":0,"skipped":0,"pct":0},"statements":{"total":35,"covered":0,"skipped":0,"pct":0},"branches":{"total":1,"covered":0,"skipped":0,"pct":0}}
,"C:\\Users\\sande\\Documents\\NTNU\\V26\\TDT4242\\frontend\\pages\\Profile.tsx": {"lines":{"total":36,"covered":0,"skipped":0,"pct":0},"functions":{"total":1,"covered":0,"skipped":0,"pct":0},"statements":{"total":36,"covered":0,"skipped":0,"pct":0},"branches":{"total":1,"covered":0,"skipped":0,"pct":0}}
,"C:\\Users\\sande\\Documents\\NTNU\\V26\\TDT4242\\frontend\\pages\\Register.tsx": {"lines":{"total":94,"covered":0,"skipped":0,"pct":0},"functions":{"total":1,"covered":0,"skipped":0,"pct":0},"statements":{"total":94,"covered":0,"skipped":0,"pct":0},"branches":{"total":1,"covered":0,"skipped":0,"pct":0}}
,"C:\\Users\\sande\\Documents\\NTNU\\V26\\TDT4242\\frontend\\pages\\StudentDashboard.tsx": {"lines":{"total":149,"covered":0,"skipped":0,"pct":0},"functions":{"total":1,"covered":0,"skipped":0,"pct":0},"statements":{"total":149,"covered":0,"skipped":0,"pct":0},"branches":{"total":1,"covered":0,"skipped":0,"pct":0}}
,"C:\\Users\\sande\\Documents\\NTNU\\V26\\TDT4242\\frontend\\services\\api.ts": {"lines":{"total":33,"covered":33,"skipped":0,"pct":100},"functions":{"total":2,"covered":2,"skipped":0,"pct":100},"statements":{"total":33,"covered":33,"skipped":0,"pct":100},"branches":{"total":8,"covered":8,"skipped":0,"pct":100}}
,"C:\\Users\\sande\\Documents\\NTNU\\V26\\TDT4242\\frontend\\services\\assignmentService.ts": {"lines":{"total":23,"covered":23,"skipped":0,"pct":100},"functions":{"total":3,"covered":3,"skipped":0,"pct":100},"statements":{"total":23,"covered":23,"skipped":0,"pct":100},"branches":{"total":3,"covered":3,"skipped":0,"pct":100}}
,"C:\\Users\\sande\\Documents\\NTNU\\V26\\TDT4242\\frontend\\services\\dashboardService.ts": {"lines":{"total":79,"covered":79,"skipped":0,"pct":100},"functions":{"total":8,"covered":8,"skipped":0,"pct":100},"statements":{"total":79,"covered":79,"skipped":0,"pct":100},"branches":{"total":28,"covered":28,"skipped":0,"pct":100}}
,"C:\\Users\\sande\\Documents\\NTNU\\V26\\TDT4242\\frontend\\services\\declarationService.ts": {"lines":{"total":37,"covered":37,"skipped":0,"pct":100},"functions":{"total":4,"covered":4,"skipped":0,"pct":100},"statements":{"total":37,"covered":37,"skipped":0,"pct":100},"branches":{"total":4,"covered":4,"skipped":0,"pct":100}}
,"C:\\Users\\sande\\Documents\\NTNU\\V26\\TDT4242\\frontend\\services\\exportService.ts": {"lines":{"total":15,"covered":15,"skipped":0,"pct":100},"functions":{"total":1,"covered":1,"skipped":0,"pct":100},"statements":{"total":15,"covered":15,"skipped":0,"pct":100},"branches":{"total":1,"covered":1,"skipped":0,"pct":100}}
,"C:\\Users\\sande\\Documents\\NTNU\\V26\\TDT4242\\frontend\\services\\feedbackService.ts": {"lines":{"total":13,"covered":13,"skipped":0,"pct":100},"functions":{"total":2,"covered":2,"skipped":0,"pct":100},"statements":{"total":13,"covered":13,"skipped":0,"pct":100},"branches":{"total":2,"covered":2,"skipped":0,"pct":100}}
,"C:\\Users\\sande\\Documents\\NTNU\\V26\\TDT4242\\frontend\\services\\guidanceService.ts": {"lines":{"total":43,"covered":43,"skipped":0,"pct":100},"functions":{"total":4,"covered":4,"skipped":0,"pct":100},"statements":{"total":43,"covered":43,"skipped":0,"pct":100},"branches":{"total":4,"covered":4,"skipped":0,"pct":100}}
,"C:\\Users\\sande\\Documents\\NTNU\\V26\\TDT4242\\frontend\\services\\policyService.ts": {"lines":{"total":0,"covered":0,"skipped":0,"pct":100},"functions":{"total":1,"covered":1,"skipped":0,"pct":100},"statements":{"total":0,"covered":0,"skipped":0,"pct":100},"branches":{"total":1,"covered":1,"skipped":0,"pct":100}}
,"C:\\Users\\sande\\Documents\\NTNU\\V26\\TDT4242\\frontend\\services\\sharingService.ts": {"lines":{"total":29,"covered":29,"skipped":0,"pct":100},"functions":{"total":3,"covered":3,"skipped":0,"pct":100},"statements":{"total":29,"covered":29,"skipped":0,"pct":100},"branches":{"total":4,"covered":4,"skipped":0,"pct":100}}
,"C:\\Users\\sande\\Documents\\NTNU\\V26\\TDT4242\\frontend\\services\\userService.ts": {"lines":{"total":29,"covered":29,"skipped":0,"pct":100},"functions":{"total":3,"covered":3,"skipped":0,"pct":100},"statements":{"total":29,"covered":29,"skipped":0,"pct":100},"branches":{"total":3,"covered":3,"skipped":0,"pct":100}}
,"C:\\Users\\sande\\Documents\\NTNU\\V26\\TDT4242\\frontend\\types\\capabilities.ts": {"lines":{"total":39,"covered":39,"skipped":0,"pct":100},"functions":{"total":0,"covered":0,"skipped":0,"pct":100},"statements":{"total":39,"covered":39,"skipped":0,"pct":100},"branches":{"total":0,"covered":0,"skipped":0,"pct":100}}
,"C:\\Users\\sande\\Documents\\NTNU\\V26\\TDT4242\\frontend\\types\\models.ts": {"lines":{"total":0,"covered":0,"skipped":0,"pct":100},"functions":{"total":1,"covered":1,"skipped":0,"pct":100},"statements":{"total":0,"covered":0,"skipped":0,"pct":100},"branches":{"total":1,"covered":1,"skipped":0,"pct":100}}
,"C:\\Users\\sande\\Documents\\NTNU\\V26\\TDT4242\\frontend\\utils\\constants.ts": {"lines":{"total":22,"covered":22,"skipped":0,"pct":100},"functions":{"total":0,"covered":0,"skipped":0,"pct":100},"statements":{"total":22,"covered":22,"skipped":0,"pct":100},"branches":{"total":0,"covered":0,"skipped":0,"pct":100}}
,"C:\\Users\\sande\\Documents\\NTNU\\V26\\TDT4242\\frontend\\utils\\formatters.ts": {"lines":{"total":0,"covered":0,"skipped":0,"pct":100},"functions":{"total":1,"covered":1,"skipped":0,"pct":100},"statements":{"total":0,"covered":0,"skipped":0,"pct":100},"branches":{"total":1,"covered":1,"skipped":0,"pct":100}}
,"C:\\Users\\sande\\Documents\\NTNU\\V26\\TDT4242\\frontend\\utils\\validators.ts": {"lines":{"total":0,"covered":0,"skipped":0,"pct":100},"functions":{"total":1,"covered":1,"skipped":0,"pct":100},"statements":{"total":0,"covered":0,"skipped":0,"pct":100},"branches":{"total":1,"covered":1,"skipped":0,"pct":100}}
}
