{"total": {"lines":{"total":2654,"covered":2138,"skipped":0,"pct":80.55},"statements":{"total":2654,"covered":2138,"skipped":0,"pct":80.55},"functions":{"total":76,"covered":73,"skipped":0,"pct":96.05},"branches":{"total":376,"covered":349,"skipped":0,"pct":92.81},"branchesTrue":{"total":0,"covered":0,"skipped":0,"pct":100}}
,"C:\\Users\\sande\\Documents\\NTNU\\V26\\TDT4242\\backend\\server.ts": {"lines":{"total":39,"covered":39,"skipped":0,"pct":100},"functions":{"total":0,"covered":0,"skipped":0,"pct":100},"statements":{"total":39,"covered":39,"skipped":0,"pct":100},"branches":{"total":5,"covered":5,"skipped":0,"pct":100}}
,"C:\\Users\\sande\\Documents\\NTNU\\V26\\TDT4242\\backend\\config\\capabilities.ts": {"lines":{"total":43,"covered":43,"skipped":0,"pct":100},"functions":{"total":0,"covered":0,"skipped":0,"pct":100},"statements":{"total":43,"covered":43,"skipped":0,"pct":100},"branches":{"total":0,"covered":0,"skipped":0,"pct":100}}
,"C:\\Users\\sande\\Documents\\NTNU\\V26\\TDT4242\\backend\\config\\database.ts": {"lines":{"total":15,"covered":15,"skipped":0,"pct":100},"functions":{"total":0,"covered":0,"skipped":0,"pct":100},"statements":{"total":15,"covered":15,"skipped":0,"pct":100},"branches":{"total":3,"covered":3,"skipped":0,"pct":100}}
,"C:\\Users\\sande\\Documents\\NTNU\\V26\\TDT4242\\backend\\config\\retention.ts": {"lines":{"total":6,"covered":6,"skipped":0,"pct":100},"functions":{"total":1,"covered":1,"skipped":0,"pct":100},"statements":{"total":6,"covered":6,"skipped":0,"pct":100},"branches":{"total":1,"covered":1,"skipped":0,"pct":100}}
,"C:\\Users\\sande\\Documents\\NTNU\\V26\\TDT4242\\backend\\controllers\\assignmentGuidanceController.ts": {"lines":{"total":157,"covered":151,"skipped":0,"pct":96.17},"functions":{"total":3,"covered":3,"skipped":0,"pct":100},"statements":{"total":157,"covered":151,"skipped":0,"pct":96.17},"branches":{"total":34,"covered":31,"skipped":0,"pct":91.17}}
,"C:\\Users\\sande\\Documents\\NTNU\\V26\\TDT4242\\backend\\controllers\\assignmentsController.ts": {"lines":{"total":135,"covered":131,"skipped":0,"pct":97.03},"functions":{"total":3,"covered":3,"skipped":0,"pct":100},"statements":{"total":135,"covered":131,"skipped":0,"pct":97.03},"branches":{"total":30,"covered":28,"skipped":0,"pct":93.33}}
,"C:\\Users\\sande\\Documents\\NTNU\\V26\\TDT4242\\backend\\controllers\\dashboardController.ts": {"lines":{"total":208,"covered":191,"skipped":0,"pct":91.82},"functions":{"total":4,"covered":4,"skipped":0,"pct":100},"statements":{"total":208,"covered":191,"skipped":0,"pct":91.82},"branches":{"total":36,"covered":32,"skipped":0,"pct":88.88}}
,"C:\\Users\\sande\\Documents\\NTNU\\V26\\TDT4242\\backend\\controllers\\declarationController.ts": {"lines":{"total":148,"covered":144,"skipped":0,"pct":97.29},"functions":{"total":3,"covered":3,"skipped":0,"pct":100},"statements":{"total":148,"covered":144,"skipped":0,"pct":97.29},"branches":{"total":33,"covered":30,"skipped":0,"pct":90.9}}
,"C:\\Users\\sande\\Documents\\NTNU\\V26\\TDT4242\\backend\\controllers\\exportController.ts": {"lines":{"total":47,"covered":47,"skipped":0,"pct":100},"functions":{"total":1,"covered":1,"skipped":0,"pct":100},"statements":{"total":47,"covered":47,"skipped":0,"pct":100},"branches":{"total":7,"covered":7,"skipped":0,"pct":100}}
,"C:\\Users\\sande\\Documents\\NTNU\\V26\\TDT4242\\backend\\controllers\\feedbackController.ts": {"lines":{"total":137,"covered":136,"skipped":0,"pct":99.27},"functions":{"total":2,"covered":2,"skipped":0,"pct":100},"statements":{"total":137,"covered":136,"skipped":0,"pct":99.27},"branches":{"total":29,"covered":24,"skipped":0,"pct":82.75}}
,"C:\\Users\\sande\\Documents\\NTNU\\V26\\TDT4242\\backend\\controllers\\policyController.ts": {"lines":{"total":58,"covered":56,"skipped":0,"pct":96.55},"functions":{"total":1,"covered":1,"skipped":0,"pct":100},"statements":{"total":58,"covered":56,"skipped":0,"pct":96.55},"branches":{"total":14,"covered":12,"skipped":0,"pct":85.71}}
,"C:\\Users\\sande\\Documents\\NTNU\\V26\\TDT4242\\backend\\controllers\\sharingController.ts": {"lines":{"total":75,"covered":75,"skipped":0,"pct":100},"functions":{"total":3,"covered":3,"skipped":0,"pct":100},"statements":{"total":75,"covered":75,"skipped":0,"pct":100},"branches":{"total":19,"covered":19,"skipped":0,"pct":100}}
,"C:\\Users\\sande\\Documents\\NTNU\\V26\\TDT4242\\backend\\controllers\\userController.ts": {"lines":{"total":129,"covered":129,"skipped":0,"pct":100},"functions":{"total":3,"covered":3,"skipped":0,"pct":100},"statements":{"total":129,"covered":129,"skipped":0,"pct":100},"branches":{"total":34,"covered":33,"skipped":0,"pct":97.05}}
,"C:\\Users\\sande\\Documents\\NTNU\\V26\\TDT4242\\backend\\jobs\\retentionCleanup.ts": {"lines":{"total":25,"covered":25,"skipped":0,"pct":100},"functions":{"total":2,"covered":2,"skipped":0,"pct":100},"statements":{"total":25,"covered":25,"skipped":0,"pct":100},"branches":{"total":7,"covered":7,"skipped":0,"pct":100}}
,"C:\\Users\\sande\\Documents\\NTNU\\V26\\TDT4242\\backend\\middleware\\authenticate.ts": {"lines":{"total":44,"covered":44,"skipped":0,"pct":100},"functions":{"total":1,"covered":1,"skipped":0,"pct":100},"statements":{"total":44,"covered":44,"skipped":0,"pct":100},"branches":{"total":12,"covered":12,"skipped":0,"pct":100}}
,"C:\\Users\\sande\\Documents\\NTNU\\V26\\TDT4242\\backend\\middleware\\noTelemetry.ts": {"lines":{"total":10,"covered":10,"skipped":0,"pct":100},"functions":{"total":1,"covered":1,"skipped":0,"pct":100},"statements":{"total":10,"covered":10,"skipped":0,"pct":100},"branches":{"total":1,"covered":1,"skipped":0,"pct":100}}
,"C:\\Users\\sande\\Documents\\NTNU\\V26\\TDT4242\\backend\\middleware\\rbac.ts": {"lines":{"total":27,"covered":27,"skipped":0,"pct":100},"functions":{"total":2,"covered":2,"skipped":0,"pct":100},"statements":{"total":27,"covered":27,"skipped":0,"pct":100},"branches":{"total":8,"covered":8,"skipped":0,"pct":100}}
,"C:\\Users\\sande\\Documents\\NTNU\\V26\\TDT4242\\backend\\middleware\\validateRequest.ts": {"lines":{"total":20,"covered":20,"skipped":0,"pct":100},"functions":{"total":1,"covered":1,"skipped":0,"pct":100},"statements":{"total":20,"covered":20,"skipped":0,"pct":100},"branches":{"total":6,"covered":6,"skipped":0,"pct":100}}
,"C:\\Users\\sande\\Documents\\NTNU\\V26\\TDT4242\\backend\\models\\accessLog.ts": {"lines":{"total":22,"covered":22,"skipped":0,"pct":100},"functions":{"total":2,"covered":2,"skipped":0,"pct":100},"statements":{"total":22,"covered":22,"skipped":0,"pct":100},"branches":{"total":3,"covered":3,"skipped":0,"pct":100}}
,"C:\\Users\\sande\\Documents\\NTNU\\V26\\TDT4242\\backend\\models\\assignment.ts": {"lines":{"total":39,"covered":39,"skipped":0,"pct":100},"functions":{"total":4,"covered":4,"skipped":0,"pct":100},"statements":{"total":39,"covered":39,"skipped":0,"pct":100},"branches":{"total":5,"covered":5,"skipped":0,"pct":100}}
,"C:\\Users\\sande\\Documents\\NTNU\\V26\\TDT4242\\backend\\models\\assignmentGuidance.ts": {"lines":{"total":76,"covered":76,"skipped":0,"pct":100},"functions":{"total":4,"covered":4,"skipped":0,"pct":100},"statements":{"total":76,"covered":76,"skipped":0,"pct":100},"branches":{"total":17,"covered":17,"skipped":0,"pct":100}}
,"C:\\Users\\sande\\Documents\\NTNU\\V26\\TDT4242\\backend\\models\\dashboard.ts": {"lines":{"total":37,"covered":37,"skipped":0,"pct":100},"functions":{"total":4,"covered":4,"skipped":0,"pct":100},"statements":{"total":37,"covered":37,"skipped":0,"pct":100},"branches":{"total":4,"covered":4,"skipped":0,"pct":100}}
,"C:\\Users\\sande\\Documents\\NTNU\\V26\\TDT4242\\backend\\models\\declaration.ts": {"lines":{"total":84,"covered":84,"skipped":0,"pct":100},"functions":{"total":6,"covered":6,"skipped":0,"pct":100},"statements":{"total":84,"covered":84,"skipped":0,"pct":100},"branches":{"total":12,"covered":11,"skipped":0,"pct":91.66}}
,"C:\\Users\\sande\\Documents\\NTNU\\V26\\TDT4242\\backend\\models\\enrolment.ts": {"lines":{"total":30,"covered":30,"skipped":0,"pct":100},"functions":{"total":3,"covered":3,"skipped":0,"pct":100},"statements":{"total":30,"covered":30,"skipped":0,"pct":100},"branches":{"total":3,"covered":3,"skipped":0,"pct":100}}
,"C:\\Users\\sande\\Documents\\NTNU\\V26\\TDT4242\\backend\\models\\feedbackTemplate.ts": {"lines":{"total":35,"covered":35,"skipped":0,"pct":100},"functions":{"total":3,"covered":3,"skipped":0,"pct":100},"statements":{"total":35,"covered":35,"skipped":0,"pct":100},"branches":{"total":3,"covered":3,"skipped":0,"pct":100}}
,"C:\\Users\\sande\\Documents\\NTNU\\V26\\TDT4242\\backend\\models\\policyDocument.ts": {"lines":{"total":38,"covered":38,"skipped":0,"pct":100},"functions":{"total":3,"covered":3,"skipped":0,"pct":100},"statements":{"total":38,"covered":38,"skipped":0,"pct":100},"branches":{"total":7,"covered":6,"skipped":0,"pct":85.71}}
,"C:\\Users\\sande\\Documents\\NTNU\\V26\\TDT4242\\backend\\models\\sharingPreference.ts": {"lines":{"total":50,"covered":50,"skipped":0,"pct":100},"functions":{"total":5,"covered":5,"skipped":0,"pct":100},"statements":{"total":50,"covered":50,"skipped":0,"pct":100},"branches":{"total":8,"covered":7,"skipped":0,"pct":87.5}}
,"C:\\Users\\sande\\Documents\\NTNU\\V26\\TDT4242\\backend\\models\\user.ts": {"lines":{"total":29,"covered":29,"skipped":0,"pct":100},"functions":{"total":4,"covered":4,"skipped":0,"pct":100},"statements":{"total":29,"covered":29,"skipped":0,"pct":100},"branches":{"total":6,"covered":6,"skipped":0,"pct":100}}
,"C:\\Users\\sande\\Documents\\NTNU\\V26\\TDT4242\\backend\\routes\\assignmentGuidance.ts": {"lines":{"total":31,"covered":31,"skipped":0,"pct":100},"functions":{"total":0,"covered":0,"skipped":0,"pct":100},"statements":{"total":31,"covered":31,"skipped":0,"pct":100},"branches":{"total":0,"covered":0,"skipped":0,"pct":100}}
,"C:\\Users\\sande\\Documents\\NTNU\\V26\\TDT4242\\backend\\routes\\assignments.ts": {"lines":{"total":29,"covered":29,"skipped":0,"pct":100},"functions":{"total":0,"covered":0,"skipped":0,"pct":100},"statements":{"total":29,"covered":29,"skipped":0,"pct":100},"branches":{"total":0,"covered":0,"skipped":0,"pct":100}}
,"C:\\Users\\sande\\Documents\\NTNU\\V26\\TDT4242\\backend\\routes\\dashboard.ts": {"lines":{"total":31,"covered":31,"skipped":0,"pct":100},"functions":{"total":0,"covered":0,"skipped":0,"pct":100},"statements":{"total":31,"covered":31,"skipped":0,"pct":100},"branches":{"total":0,"covered":0,"skipped":0,"pct":100}}
,"C:\\Users\\sande\\Documents\\NTNU\\V26\\TDT4242\\backend\\routes\\declarations.ts": {"lines":{"total":29,"covered":29,"skipped":0,"pct":100},"functions":{"total":0,"covered":0,"skipped":0,"pct":100},"statements":{"total":29,"covered":29,"skipped":0,"pct":100},"branches":{"total":0,"covered":0,"skipped":0,"pct":100}}
,"C:\\Users\\sande\\Documents\\NTNU\\V26\\TDT4242\\backend\\routes\\feedback.ts": {"lines":{"total":18,"covered":18,"skipped":0,"pct":100},"functions":{"total":0,"covered":0,"skipped":0,"pct":100},"statements":{"total":18,"covered":18,"skipped":0,"pct":100},"branches":{"total":0,"covered":0,"skipped":0,"pct":100}}
,"C:\\Users\\sande\\Documents\\NTNU\\V26\\TDT4242\\backend\\routes\\policy.ts": {"lines":{"total":44,"covered":44,"skipped":0,"pct":100},"functions":{"total":3,"covered":3,"skipped":0,"pct":100},"statements":{"total":44,"covered":44,"skipped":0,"pct":100},"branches":{"total":5,"covered":5,"skipped":0,"pct":100}}
,"C:\\Users\\sande\\Documents\\NTNU\\V26\\TDT4242\\backend\\routes\\sharing.ts": {"lines":{"total":25,"covered":25,"skipped":0,"pct":100},"functions":{"total":0,"covered":0,"skipped":0,"pct":100},"statements":{"total":25,"covered":25,"skipped":0,"pct":100},"branches":{"total":0,"covered":0,"skipped":0,"pct":100}}
,"C:\\Users\\sande\\Documents\\NTNU\\V26\\TDT4242\\backend\\routes\\user.ts": {"lines":{"total":21,"covered":21,"skipped":0,"pct":100},"functions":{"total":0,"covered":0,"skipped":0,"pct":100},"statements":{"total":21,"covered":21,"skipped":0,"pct":100},"branches":{"total":0,"covered":0,"skipped":0,"pct":100}}
,"C:\\Users\\sande\\Documents\\NTNU\\V26\\TDT4242\\backend\\scripts\\ensureSchema.ts": {"lines":{"total":132,"covered":0,"skipped":0,"pct":0},"functions":{"total":1,"covered":0,"skipped":0,"pct":0},"statements":{"total":132,"covered":0,"skipped":0,"pct":0},"branches":{"total":1,"covered":0,"skipped":0,"pct":0}}
,"C:\\Users\\sande\\Documents\\NTNU\\V26\\TDT4242\\backend\\scripts\\migrate.ts": {"lines":{"total":67,"covered":0,"skipped":0,"pct":0},"functions":{"total":1,"covered":0,"skipped":0,"pct":0},"statements":{"total":67,"covered":0,"skipped":0,"pct":0},"branches":{"total":1,"covered":0,"skipped":0,"pct":0}}
,"C:\\Users\\sande\\Documents\\NTNU\\V26\\TDT4242\\backend\\scripts\\seed.ts": {"lines":{"total":283,"covered":0,"skipped":0,"pct":0},"functions":{"total":1,"covered":0,"skipped":0,"pct":0},"statements":{"total":283,"covered":0,"skipped":0,"pct":0},"branches":{"total":1,"covered":0,"skipped":0,"pct":0}}
,"C:\\Users\\sande\\Documents\\NTNU\\V26\\TDT4242\\backend\\types\\models.ts": {"lines":{"total":0,"covered":0,"skipped":0,"pct":100},"functions":{"total":1,"covered":1,"skipped":0,"pct":100},"statements":{"total":0,"covered":0,"skipped":0,"pct":100},"branches":{"total":1,"covered":1,"skipped":0,"pct":100}}
,"C:\\Users\\sande\\Documents\\NTNU\\V26\\TDT4242\\backend\\validators\\assignmentValidator.ts": {"lines":{"total":19,"covered":19,"skipped":0,"pct":100},"functions":{"total":0,"covered":0,"skipped":0,"pct":100},"statements":{"total":19,"covered":19,"skipped":0,"pct":100},"branches":{"total":0,"covered":0,"skipped":0,"pct":100}}
,"C:\\Users\\sande\\Documents\\NTNU\\V26\\TDT4242\\backend\\validators\\declarationValidator.ts": {"lines":{"total":56,"covered":56,"skipped":0,"pct":100},"functions":{"total":0,"covered":0,"skipped":0,"pct":100},"statements":{"total":56,"covered":56,"skipped":0,"pct":100},"branches":{"total":4,"covered":4,"skipped":0,"pct":100}}
,"C:\\Users\\sande\\Documents\\NTNU\\V26\\TDT4242\\backend\\validators\\guidanceValidator.ts": {"lines":{"total":97,"covered":97,"skipped":0,"pct":100},"functions":{"total":0,"covered":0,"skipped":0,"pct":100},"statements":{"total":97,"covered":97,"skipped":0,"pct":100},"branches":{"total":16,"covered":15,"skipped":0,"pct":93.75}}
,"C:\\Users\\sande\\Documents\\NTNU\\V26\\TDT4242\\backend\\validators\\policyValidator.ts": {"lines":{"total":9,"covered":9,"skipped":0,"pct":100},"functions":{"total":0,"covered":0,"skipped":0,"pct":100},"statements":{"total":9,"covered":9,"skipped":0,"pct":100},"branches":{"total":0,"covered":0,"skipped":0,"pct":100}}
}
